
/home/runner/work/exp-bernoullis-iiith/exp-bernoullis-iiith/experiment/simulation/js/main.js
    5:5   warning  'arrayRemove' is assigned a value but never used  no-unused-vars
   12:1   warning  'ids' is not defined                              no-undef
   27:10  warning  Unexpected constant condition                     no-constant-condition
   28:5   warning  'animation_speed' is not defined                  no-undef
   29:5   warning  'animation_speed' is not defined                  no-undef
   29:23  warning  'animation_speed' is not defined                  no-undef
   30:5   warning  'animation_speed' is not defined                  no-undef
   30:23  warning  'animation_speed' is not defined                  no-undef
   30:55  warning  'animation_speed' is not defined                  no-undef
   63:20  warning  'animation_speed' is not defined                  no-undef
   70:23  warning  'ids' is not defined                              no-undef
   71:5   warning  'id' is not defined                               no-undef
   71:10  warning  'ids' is not defined                              no-undef
   72:9   warning  'id' is not defined                               no-undef
   72:30  warning  'id' is not defined                               no-undef
   75:40  warning  'id' is not defined                               no-undef
   78:5   warning  'flag' is not defined                             no-undef
   79:12  warning  Unexpected constant condition                     no-constant-condition
   80:7   warning  'animation_speed' is not defined                  no-undef
   81:7   warning  'animation_speed' is not defined                  no-undef
   81:25  warning  'animation_speed' is not defined                  no-undef
   82:7   warning  'animation_speed' is not defined                  no-undef
   82:25  warning  'animation_speed' is not defined                  no-undef
   82:57  warning  'animation_speed' is not defined                  no-undef
   83:11  warning  'id' is not defined                               no-undef
   83:38  warning  'flag' is not defined                             no-undef
   85:21  warning  'ids' is not defined                              no-undef
   86:11  warning  'flag' is not defined                             no-undef
   89:11  warning  'id' is not defined                               no-undef
   89:39  warning  'flag' is not defined                             no-undef
   91:21  warning  'ids' is not defined                              no-undef
   92:11  warning  'flag' is not defined                             no-undef
   96:22  warning  'animation_speed' is not defined                  no-undef
  104:3   warning  'tube_ids' is not defined                         no-undef
  113:3   warning  'tube_ids' is not defined                         no-undef
  117:3   warning  'ids' is not defined                              no-undef
  122:1   warning  'disablestart' is not defined                     no-undef
  123:5   warning  'startAn' is assigned a value but never used      no-unused-vars

✖ 38 problems (0 errors, 38 warnings)

